[0] <inform> MoFEM version 0.14.0 (MOAB 5.5.0 Petsc Release Version 3.16.6, Mar 30, 2022 )
[0] <inform> git commit id 693a01d8ad1e79f10b1dc4f1dd785f311161b1d1
[0] <inform> Local time: 2024-8-16 11:37:39
[0] <inform> UTC time: 2024-8-16 11:37:39
[0] <warning> [MeshsetMng] broadcasted vertex 1111 has negative id
[0] <inform> [MeshsetMng] meshset in database meshset 12682136550675316738 type BLOCKSET UNKNOWNNAME msId 1 name fx_1_fy_0_0_2024_08_16_11_37_34
[0] <inform> [MeshsetMng] meshset in database meshset 12682136550675316754 type BLOCKSET UNKNOWNNAME msId 2 name CYLINDER                       
[0] <inform> [MeshsetMng] meshset in database meshset 12682136550675316756 type BLOCKSET UNKNOWNNAME msId 3 name FIX_ALL                        
[0] <inform> [MeshsetMng] meshset in database meshset 12682136550675316739 type BLOCKSET UNKNOWNNAME msId 4 name FIX_X_0                        
[0] <inform> [MeshsetMng] meshset in database meshset 12682136550675316740 type BLOCKSET UNKNOWNNAME msId 5 name FIX_Y_0                        
[0] <inform> [MeshsetMng] meshset in database meshset 12682136550675316741 type BLOCKSET UNKNOWNNAME msId 6 name FIX_Z_0                        
[0] <inform> [MeshsetMng] meshset in database meshset 12682136550675316757 type BLOCKSET UNKNOWNNAME msId 7 name FORCE                          
[0] <inform> [MeshsetMng] meshset in database meshset 12682136550675316742 type BLOCKSET UNKNOWNNAME msId 8 name SOIL_LAYER_1                   
[0] <inform> [MeshsetMng] meshset in database meshset 12682136550675316743 type BLOCKSET UNKNOWNNAME msId 9 name SOIL_LAYER_2                   
[0] <inform> [MeshsetMng] meshset in database meshset 12682136550675316744 type BLOCKSET UNKNOWNNAME msId 10 name SOIL_LAYER_3                   
[0] <inform> [MeshsetMng] meshset in database meshset 12682136550675316745 type BLOCKSET UNKNOWNNAME msId 11 name SOIL_LAYER_4                   
[0] <inform> [MeshsetMng] meshset in database meshset 12682136550675316755 type BLOCKSET UNKNOWNNAME msId 102 name MFRONT_MAT_2
[0] <inform> [MeshsetMng] meshset in database meshset 12682136550675316746 type BLOCKSET UNKNOWNNAME msId 108 name MFRONT_MAT_8
[0] <inform> [MeshsetMng] meshset in database meshset 12682136550675316747 type BLOCKSET UNKNOWNNAME msId 109 name MFRONT_MAT_9
[0] <inform> [MeshsetMng] meshset in database meshset 12682136550675316748 type BLOCKSET UNKNOWNNAME msId 110 name MFRONT_MAT_10
[0] <inform> [MeshsetMng] meshset in database meshset 12682136550675316749 type BLOCKSET UNKNOWNNAME msId 111 name MFRONT_MAT_11
[0] <inform> [Indent] Order 2
[0] <inform> [Indent] Contact order 0
[0] <inform> [Indent] Sigma order 0
[0] <inform> [Indent] Geom order 1
[0] <inform> [Indent] Set AINSWORTH_LEGENDRE_BASE for displacements
[0] <inform> [FieldCore] Add field U field_id 1 space H1 field continuity CONTINUOUS approximation base AINSWORTH_LEGENDRE_BASE nb coefficients 3 meshset 12682136550675316760
[0] <inform> [FieldCore] Add field SIGMA field_id 2 space HDIV field continuity CONTINUOUS approximation base DEMKOWICZ_JACOBI_BASE nb coefficients 3 meshset 12682136550675316761
[0] <inform> [FieldCore] Add field GEOMETRY field_id 4 space H1 field continuity CONTINUOUS approximation base AINSWORTH_LEGENDRE_BASE nb coefficients 3 meshset 12682136550675316762
[0] <inform> [FECore] Add finite element dFE
[0] <inform> [FECore] Add finite element bFE
[0] <inform> [ProblemCore] Add problem SimpleProblem
[1] <warning> [MeshsetMng] broadcasted vertex 1237 has negative id
[2] <warning> [MeshsetMng] broadcasted vertex 1267 has negative id
[3] <warning> [MeshsetMng] broadcasted vertex 1300 has negative id
[5] <warning> [MeshsetMng] broadcasted vertex 1707 has negative id
[6] <warning> [MeshsetMng] broadcasted vertex 1262 has negative id
[7] <warning> [MeshsetMng] broadcasted vertex 1647 has negative id
[0] <inform> [ProblemCore] Set order to field U order 2
[0] <inform> [FieldCore] Set order to field GEOMETRY order 1
[0] <inform> [FieldCore] Set order to field SIGMA order 0
[0] <inform> [FieldCore] Set order to field SIGMA order 0
[0] <inform> [FECore] Finite element dFE added. Nb. of elements added 4737
[1] <inform> [FECore] Finite element dFE added. Nb. of elements added 4776
[2] <inform> [FECore] Finite element dFE added. Nb. of elements added 4638
[3] <inform> [FECore] Finite element dFE added. Nb. of elements added 4618
[4] <inform> [FECore] Finite element dFE added. Nb. of elements added 4864
[5] <inform> [FECore] Finite element dFE added. Nb. of elements added 4760
[6] <inform> [FECore] Finite element dFE added. Nb. of elements added 4581
[7] <inform> [FECore] Finite element dFE added. Nb. of elements added 4589
[0] <inform> [FECore] Finite element bFE added. Nb. of elements added 958
[1] <inform> [FECore] Finite element bFE added. Nb. of elements added 1151
[2] <inform> [FECore] Finite element bFE added. Nb. of elements added 1587
[3] <inform> [FECore] Finite element bFE added. Nb. of elements added 1639
[4] <inform> [FECore] Finite element bFE added. Nb. of elements added 3394
[5] <inform> [FECore] Finite element bFE added. Nb. of elements added 3362
[6] <inform> [FECore] Finite element bFE added. Nb. of elements added 1509
[7] <inform> [FECore] Finite element bFE added. Nb. of elements added 3242
[0] <inform> [FECore] Number of adjacencies 74940
[0] <inform> [ProblemsManager] SimpleProblem Nb. local dof 22650 by 22650 nb global dofs 201945 by 201945
[1] <inform> [ProblemsManager] SimpleProblem Nb. local dof 23175 by 23175 nb global dofs 201945 by 201945
[2] <inform> [ProblemsManager] SimpleProblem Nb. local dof 23703 by 23703 nb global dofs 201945 by 201945
[3] <inform> [ProblemsManager] SimpleProblem Nb. local dof 22431 by 22431 nb global dofs 201945 by 201945
[4] <inform> [ProblemsManager] SimpleProblem Nb. local dof 30252 by 30252 nb global dofs 201945 by 201945
[5] <inform> [ProblemsManager] SimpleProblem Nb. local dof 29217 by 29217 nb global dofs 201945 by 201945
[6] <inform> [ProblemsManager] SimpleProblem Nb. local dof 22350 by 22350 nb global dofs 201945 by 201945
[7] <inform> [ProblemsManager] SimpleProblem Nb. local dof 28167 by 28167 nb global dofs 201945 by 201945
[0] <inform> [ProblemsManager]  FEs ghost dofs on problem SimpleProblem Nb. ghost dof 0 by 0 Nb. local dof 22650 by 22650
[1] <inform> [ProblemsManager]  FEs ghost dofs on problem SimpleProblem Nb. ghost dof 933 by 933 Nb. local dof 23175 by 23175
[2] <inform> [ProblemsManager]  FEs ghost dofs on problem SimpleProblem Nb. ghost dof 513 by 513 Nb. local dof 23703 by 23703
[3] <inform> [ProblemsManager]  FEs ghost dofs on problem SimpleProblem Nb. ghost dof 2124 by 2124 Nb. local dof 22431 by 22431
[4] <inform> [ProblemsManager]  FEs ghost dofs on problem SimpleProblem Nb. ghost dof 0 by 0 Nb. local dof 30252 by 30252
[5] <inform> [ProblemsManager]  FEs ghost dofs on problem SimpleProblem Nb. ghost dof 390 by 390 Nb. local dof 29217 by 29217
[6] <inform> [ProblemsManager]  FEs ghost dofs on problem SimpleProblem Nb. ghost dof 1599 by 1599 Nb. local dof 22350 by 22350
[7] <inform> [ProblemsManager]  FEs ghost dofs on problem SimpleProblem Nb. ghost dof 387 by 387 Nb. local dof 28167 by 28167
[0] <inform> [Indent] Young modulus 100
[0] <inform> [Indent] Poisson_ratio 0.25
[0] <inform> [Indent] Density 0
[0] <inform> [Indent] cn_contact 0.1
[0] <inform> [Indent] Spring stiffness 0
[0] <inform> [Indent] Vis spring_stiffness 0
[0] <inform> [Indent] alpha_damping 0
[0] <inform> [Indent] Scale 1
[0] <inform> [Indent] Is quasi-static: true
[0] <inform> [petsc] MFront material model: TRIDIMENSIONAL 
[0] <inform> [petsc] LinearElasticity behaviour loaded on block 102. 
[0] <inform> [petsc] Small Strain Kinematics 
[0] <inform> [petsc] Internal variables: 
[0] <inform> [petsc] : ElasticStrain
[0] <inform> [petsc] External variables: 
[0] <inform> [petsc] : Temperature
[0] <inform> [petsc] Material properties: 
[0] <inform> [petsc] 0 : YoungModulus = 2e+11
[0] <inform> [petsc] 1 : PoissonRatio = 0.3
[0] <inform> [petsc] Real parameters: 
[0] <inform> [petsc] 2 : minimal_time_step_scaling_factor
[0] <inform> [petsc] 3 : maximal_time_step_scaling_factor
[0] <inform> [petsc] Integer parameters: 
[0] <inform> [petsc] Unsigned short parameters: 
[0] <inform> [petsc] MFront material model: TRIDIMENSIONAL 
[0] <inform> [petsc] LinearElasticity behaviour loaded on block 108. 
[0] <inform> [petsc] Small Strain Kinematics 
[0] <inform> [petsc] Internal variables: 
[0] <inform> [petsc] : ElasticStrain
[0] <inform> [petsc] External variables: 
[0] <inform> [petsc] : Temperature
[0] <inform> [petsc] Material properties: 
[0] <inform> [petsc] 0 : YoungModulus = 9.6e+07
[0] <inform> [petsc] 1 : PoissonRatio = 0.3
[0] <inform> [petsc] Real parameters: 
[0] <inform> [petsc] 2 : minimal_time_step_scaling_factor
[0] <inform> [petsc] 3 : maximal_time_step_scaling_factor
[0] <inform> [petsc] Integer parameters: 
[0] <inform> [petsc] Unsigned short parameters: 
[0] <inform> [petsc] MFront material model: TRIDIMENSIONAL 
[0] <inform> [petsc] LinearElasticity behaviour loaded on block 109. 
[0] <inform> [petsc] Small Strain Kinematics 
[0] <inform> [petsc] Internal variables: 
[0] <inform> [petsc] : ElasticStrain
[0] <inform> [petsc] External variables: 
[0] <inform> [petsc] : Temperature
[0] <inform> [petsc] Material properties: 
[0] <inform> [petsc] 0 : YoungModulus = 1.821e+08
[0] <inform> [petsc] 1 : PoissonRatio = 0.3
[0] <inform> [petsc] Real parameters: 
[0] <inform> [petsc] 2 : minimal_time_step_scaling_factor
[0] <inform> [petsc] 3 : maximal_time_step_scaling_factor
[0] <inform> [petsc] Integer parameters: 
[0] <inform> [petsc] Unsigned short parameters: 
[0] <inform> [petsc] MFront material model: TRIDIMENSIONAL 
[0] <inform> [petsc] LinearElasticity behaviour loaded on block 110. 
[0] <inform> [petsc] Small Strain Kinematics 
[0] <inform> [petsc] Internal variables: 
[0] <inform> [petsc] : ElasticStrain
[0] <inform> [petsc] External variables: 
[0] <inform> [petsc] : Temperature
[0] <inform> [petsc] Material properties: 
[0] <inform> [petsc] 0 : YoungModulus = 3.513e+08
[0] <inform> [petsc] 1 : PoissonRatio = 0.3
[0] <inform> [petsc] Real parameters: 
[0] <inform> [petsc] 2 : minimal_time_step_scaling_factor
[0] <inform> [petsc] 3 : maximal_time_step_scaling_factor
[0] <inform> [petsc] Integer parameters: 
[0] <inform> [petsc] Unsigned short parameters: 
[0] <inform> [petsc] MFront material model: TRIDIMENSIONAL 
[0] <inform> [petsc] LinearElasticity behaviour loaded on block 111. 
[0] <inform> [petsc] Small Strain Kinematics 
[0] <inform> [petsc] Internal variables: 
[0] <inform> [petsc] : ElasticStrain
[0] <inform> [petsc] External variables: 
[0] <inform> [petsc] : Temperature
[0] <inform> [petsc] Material properties: 
[0] <inform> [petsc] 0 : YoungModulus = 6.684e+08
[0] <inform> [petsc] 1 : PoissonRatio = 0.3
[0] <inform> [petsc] Real parameters: 
[0] <inform> [petsc] 2 : minimal_time_step_scaling_factor
[0] <inform> [petsc] 3 : maximal_time_step_scaling_factor
[0] <inform> [petsc] Integer parameters: 
[0] <inform> [petsc] Unsigned short parameters: 
[0] <inform> [ProblemsManager] MFront approximation base AINSWORTH_LEGENDRE_BASE
[0] <inform> [ProblemsManager] Removed DOFs from problem SimpleProblem dofs [201945 / 201945 (before 201945 / 201945) global]
[0] <inform> [ProblemsManager] Removed DOFs from problem SimpleProblem dofs [201945 / 201945 (before 201945 / 201945) global]
[0] <inform> [ProblemsManager] Removed DOFs from problem SimpleProblem dofs [201945 / 201945 (before 201945 / 201945) global]
[0] <inform> [ProblemsManager] Removed DOFs from problem SimpleProblem dofs [201945 / 201945 (before 201945 / 201945) global]
[0] <inform> [BcMng] Add ALL SimpleProblem_U_FIX_ALL                        
[0] <inform> [BcMng] 
D i s p l a c e m e n t 
 
Flag for X-Translation (0/1): 1
Flag for Y-Translation (0/1): 1
Flag for Z-Translation (0/1): 1
Flag for X-Rotation (0/1): 0
Flag for Y-Rotation (0/1): 0
Flag for Z-Rotation (0/1): 0
 
Displacement magnitude (X-Translation): 0
Displacement magnitude (Y-Translation): 0
Displacement magnitude (Z-Translation): 0
Displacement magnitude (X-Rotation): N/A
Displacement magnitude (Y-Rotation): N/A
Displacement magnitude (Z-Rotation): N/A
 
[0] <inform> [BcMng] Add X SimpleProblem_U_FIX_X_0                        
[0] <inform> [BcMng] 
D i s p l a c e m e n t 
 
Flag for X-Translation (0/1): 1
Flag for Y-Translation (0/1): 0
Flag for Z-Translation (0/1): 0
Flag for X-Rotation (0/1): 0
Flag for Y-Rotation (0/1): 0
Flag for Z-Rotation (0/1): 0
 
Displacement magnitude (X-Translation): 0
Displacement magnitude (Y-Translation): N/A
Displacement magnitude (Z-Translation): N/A
Displacement magnitude (X-Rotation): N/A
Displacement magnitude (Y-Rotation): N/A
Displacement magnitude (Z-Rotation): N/A
 
[0] <inform> [BcMng] Add Y SimpleProblem_U_FIX_Y_0                        
[0] <inform> [BcMng] 
D i s p l a c e m e n t 
 
Flag for X-Translation (0/1): 0
Flag for Y-Translation (0/1): 1
Flag for Z-Translation (0/1): 0
Flag for X-Rotation (0/1): 0
Flag for Y-Rotation (0/1): 0
Flag for Z-Rotation (0/1): 0
 
Displacement magnitude (X-Translation): N/A
Displacement magnitude (Y-Translation): 0
Displacement magnitude (Z-Translation): N/A
Displacement magnitude (X-Rotation): N/A
Displacement magnitude (Y-Rotation): N/A
Displacement magnitude (Z-Rotation): N/A
 
[0] <inform> [BcMng] Add Z SimpleProblem_U_FIX_Z_0                        
[0] <inform> [BcMng] 
D i s p l a c e m e n t 
 
Flag for X-Translation (0/1): 0
Flag for Y-Translation (0/1): 0
Flag for Z-Translation (0/1): 1
Flag for X-Rotation (0/1): 0
Flag for Y-Rotation (0/1): 0
Flag for Z-Rotation (0/1): 0
 
Displacement magnitude (X-Translation): N/A
Displacement magnitude (Y-Translation): N/A
Displacement magnitude (Z-Translation): 0
Displacement magnitude (X-Rotation): N/A
Displacement magnitude (Y-Rotation): N/A
Displacement magnitude (Z-Rotation): N/A
 
[0] <warning> The  file not provided. Loading scaled with time.
[0] <warning> *** Warning data file body_force_hist.txt open unsuccessful. Using linear time scaling.
[0] <inform> [OpFlux] Add meshset 12682136550675316757 type BLOCKSET UNKNOWNNAME msId 7 name FORCE                          
[0] <inform> [OpFlux] Flux blockset FORCE                          
[0] <inform> [OpFlux] Number of attributes 3
[0] <inform> [OpFlux] tForce vector initialised: [1,0,0]
[0] <inform> [OpFlux] Number of elements 0
[0] <warning> The  file not provided. Loading scaled with time.
[0] <inform> [petsc] 0 TS dt 1. time 0.
[0] <inform> [Indent] Write file at time 0 write step 0
[0] <inform> [Essential] EssentialPreProc<DisplacementCubitBcData>: SimpleProblem_U_FIX_ALL                        
[0] <inform> [Essential] Offset: 0.0000e+00 0.0000e+00 0.0000e+00
[0] <inform> [Essential] Force: 0.0000e+00 0.0000e+00 0.0000e+00
[0] <inform> [Essential] Moment: 0.0000e+00 0.0000e+00 0.0000e+00
[0] <inform> [Essential] EssentialPreProc<DisplacementCubitBcData>: SimpleProblem_U_FIX_X_0                        
[0] <inform> [Essential] Offset: 0.0000e+00 0.0000e+00 0.0000e+00
[0] <inform> [Essential] Force: 0.0000e+00 0.0000e+00 0.0000e+00
[0] <inform> [Essential] Moment: 0.0000e+00 0.0000e+00 0.0000e+00
[0] <inform> [Essential] EssentialPreProc<DisplacementCubitBcData>: SimpleProblem_U_FIX_Y_0                        
[0] <inform> [Essential] Offset: 0.0000e+00 0.0000e+00 0.0000e+00
[0] <inform> [Essential] Force: 0.0000e+00 0.0000e+00 0.0000e+00
[0] <inform> [Essential] Moment: 0.0000e+00 0.0000e+00 0.0000e+00
[0] <inform> [Essential] EssentialPreProc<DisplacementCubitBcData>: SimpleProblem_U_FIX_Z_0                        
[0] <inform> [Essential] Offset: 0.0000e+00 0.0000e+00 0.0000e+00
[0] <inform> [Essential] Force: 0.0000e+00 0.0000e+00 0.0000e+00
[0] <inform> [Essential] Moment: 0.0000e+00 0.0000e+00 0.0000e+00
[0] <inform> [Essential] Total force: 0.0000e+00 0.0000e+00 0.0000e+00
[0] <inform> [Essential] Total moment: 0.0000e+00 0.0000e+00 0.0000e+00
[0] <inform> [Indent] Ux time 0.0000e+00 min 0.0000e+00 max 0.0000e+00
[0] <inform> [Indent] Uy time 0.0000e+00 min 0.0000e+00 max 0.0000e+00
[0] <inform> [Indent] Uz time 0.0000e+00 min 0.0000e+00 max 0.0000e+00
[0] <inform> [Indent] Contact force: time 0.000e+00 Fx: 0.000000e+00 Fy: 0.000000e+00 Fz: 0.000000e+00
[0] <inform> [Indent] Contact area: time 0.000e+00 Active: 0.000000e+00 Potential: 0.000000e+00
[0] <inform> [petsc]     0 SNES Function norm 1.311992468830e-02 
[0] <inform> [petsc]     0 SNES Function norm 1.311992468830e-02 [  1.311992468830e-02  ,   0.000000000000e+00  ]
[0] <inform> [petsc]       0 KSP Residual norm 9.982792148505e-07 
[0] <inform> [petsc]       1 KSP Residual norm 6.735236465300e-17 
[0] <inform> [petsc]     1 SNES Function norm 1.305962994110e-02 
[0] <inform> [petsc]     1 SNES Function norm 1.305962994110e-02 [  1.305962994110e-02  ,   0.000000000000e+00  ]
[0] <inform> [petsc]       0 KSP Residual norm 9.882964227002e-07 
[0] <inform> [petsc]       1 KSP Residual norm 6.763464280074e-17 
[0] <inform> [petsc]     2 SNES Function norm 1.305962994110e-02 
[0] <inform> [petsc]     2 SNES Function norm 1.305962994110e-02 [  1.305962994110e-02  ,   0.000000000000e+00  ]
[0] <inform> [petsc]       0 KSP Residual norm 9.882964226998e-07 
[0] <inform> [petsc]       1 KSP Residual norm 8.643899895106e-17 
[0] <inform> [petsc]   Nonlinear solve did not converge due to DIVERGED_LINE_SEARCH iterations 2
[0] <inform> [petsc]       TSAdapt none step   0 stage rejected (DIVERGED_LINE_SEARCH) t=0          + 1.000e+00 retrying with dt=2.500e-01 
[0] <inform> [petsc]     0 SNES Function norm 3.279981172076e-03 
[0] <inform> [petsc]     0 SNES Function norm 3.279981172076e-03 [  3.279981172076e-03  ,   0.000000000000e+00  ]
[0] <inform> [petsc]       0 KSP Residual norm 2.495698037126e-07 
[0] <inform> [petsc]       1 KSP Residual norm 1.683809116131e-17 
[0] <inform> [petsc]     1 SNES Function norm 3.264907485276e-03 
[0] <inform> [petsc]     1 SNES Function norm 3.264907485276e-03 [  3.264907485276e-03  ,   0.000000000000e+00  ]
[0] <inform> [petsc]       0 KSP Residual norm 2.470741056751e-07 
[0] <inform> [petsc]       1 KSP Residual norm 1.690866070010e-17 
[0] <inform> [petsc]     2 SNES Function norm 3.264907485275e-03 
[0] <inform> [petsc]     2 SNES Function norm 3.264907485275e-03 [  3.264907485275e-03  ,   0.000000000000e+00  ]
[0] <inform> [petsc]       0 KSP Residual norm 2.470741056750e-07 
[0] <inform> [petsc]       1 KSP Residual norm 2.165832752127e-17 
[0] <inform> [petsc]   Nonlinear solve did not converge due to DIVERGED_LINE_SEARCH iterations 2
[0] <inform> [petsc]       TSAdapt none step   0 stage rejected (DIVERGED_LINE_SEARCH) t=0          + 2.500e-01 retrying with dt=6.250e-02 
[0] <inform> [petsc]     0 SNES Function norm 8.199952930190e-04 
[0] <inform> [petsc]     0 SNES Function norm 8.199952930190e-04 [  8.199952930190e-04  ,   0.000000000000e+00  ]
[0] <inform> [petsc]       0 KSP Residual norm 6.239245092815e-08 
[0] <inform> [petsc]       1 KSP Residual norm 4.209524113936e-18 
[0] <inform> [petsc]     1 SNES Function norm 8.162268713189e-04 
[0] <inform> [petsc]     1 SNES Function norm 8.162268713189e-04 [  8.162268713189e-04  ,   0.000000000000e+00  ]
[0] <inform> [petsc]       0 KSP Residual norm 6.176852641876e-08 
[0] <inform> [petsc]       1 KSP Residual norm 4.227165175039e-18 
[0] <inform> [petsc]     2 SNES Function norm 8.162268713189e-04 
[0] <inform> [petsc]     2 SNES Function norm 8.162268713189e-04 [  8.162268713189e-04  ,   0.000000000000e+00  ]
[0] <inform> [petsc]       0 KSP Residual norm 6.176852641874e-08 
[0] <inform> [petsc]       1 KSP Residual norm 5.414582774932e-18 
[0] <inform> [petsc]   Nonlinear solve did not converge due to DIVERGED_LINE_SEARCH iterations 2
[0] <inform> [petsc]       TSAdapt none step   0 stage rejected (DIVERGED_LINE_SEARCH) t=0          + 6.250e-02 retrying with dt=1.562e-02 
[0] <inform> [petsc]     0 SNES Function norm 2.049988232547e-04 
[0] <inform> [petsc]     0 SNES Function norm 2.049988232547e-04 [  2.049988232547e-04  ,   0.000000000000e+00  ]
[0] <inform> [petsc]       0 KSP Residual norm 1.559811273204e-08 
[0] <inform> [petsc]       1 KSP Residual norm 1.052380697703e-18 
[0] <inform> [petsc]     1 SNES Function norm 2.040567178297e-04 
[0] <inform> [petsc]     1 SNES Function norm 2.040567178297e-04 [  2.040567178297e-04  ,   0.000000000000e+00  ]
[0] <inform> [petsc]       0 KSP Residual norm 1.544213160469e-08 
[0] <inform> [petsc]       1 KSP Residual norm 1.056791178792e-18 
[0] <inform> [petsc]     2 SNES Function norm 2.040567178297e-04 
[0] <inform> [petsc]     2 SNES Function norm 2.040567178297e-04 [  2.040567178297e-04  ,   0.000000000000e+00  ]
[0] <inform> [petsc]       0 KSP Residual norm 1.544213160468e-08 
[0] <inform> [petsc]       1 KSP Residual norm 1.353645693706e-18 
[0] <inform> [petsc]   Nonlinear solve did not converge due to DIVERGED_LINE_SEARCH iterations 2
[0] <inform> [petsc]       TSAdapt none step   0 stage rejected (DIVERGED_LINE_SEARCH) t=0          + 1.562e-02 retrying with dt=3.906e-03 
[0] <inform> [petsc]     0 SNES Function norm 5.124970581369e-05 
[0] <inform> [petsc]     0 SNES Function norm 5.124970581369e-05 [  5.124970581369e-05  ,   0.000000000000e+00  ]
[0] <inform> [petsc]       0 KSP Residual norm 3.899528183010e-09 
[0] <inform> [petsc]       1 KSP Residual norm 2.630951744258e-19 
[0] <inform> [petsc]     1 SNES Function norm 5.101417945743e-05 
[0] <inform> [petsc]     1 SNES Function norm 5.101417945743e-05 [  5.101417945743e-05  ,   0.000000000000e+00  ]
[0] <inform> [petsc]       0 KSP Residual norm 3.860532901173e-09 
[0] <inform> [petsc]       1 KSP Residual norm 2.632685101667e-19 
[0] <inform> [petsc]   Nonlinear solve did not converge due to DIVERGED_LINE_SEARCH iterations 1
[0] <inform> [petsc]       TSAdapt none step   0 stage rejected (DIVERGED_LINE_SEARCH) t=0          + 3.906e-03 retrying with dt=9.766e-04 
[0] <inform> [petsc]     0 SNES Function norm 1.281242645342e-05 
[0] <inform> [petsc]     0 SNES Function norm 1.281242645342e-05 [  1.281242645342e-05  ,   0.000000000000e+00  ]
[0] <inform> [petsc]       0 KSP Residual norm 9.748820457524e-10 
[0] <inform> [petsc]       1 KSP Residual norm 6.577379360793e-20 
[0] <inform> [petsc]     1 SNES Function norm 1.275354486436e-05 
[0] <inform> [petsc]     1 SNES Function norm 1.275354486436e-05 [  1.275354486436e-05  ,   0.000000000000e+00  ]
[0] <inform> [petsc]       0 KSP Residual norm 9.651332252932e-10 
[0] <inform> [petsc]       1 KSP Residual norm 6.604945585977e-20 
[0] <inform> [petsc]     2 SNES Function norm 1.275354486436e-05 
[0] <inform> [petsc]     2 SNES Function norm 1.275354486436e-05 [  1.275354486436e-05  ,   0.000000000000e+00  ]
[0] <inform> [petsc]       0 KSP Residual norm 9.651332252928e-10 
[0] <inform> [petsc]       1 KSP Residual norm 8.460284940782e-20 
[0] <inform> [petsc]   Nonlinear solve did not converge due to DIVERGED_LINE_SEARCH iterations 2
[0] <inform> [petsc]       TSAdapt none step   0 stage rejected (DIVERGED_LINE_SEARCH) t=0          + 9.766e-04 retrying with dt=2.441e-04 
[0] <inform> [petsc]     0 SNES Function norm 3.203106613355e-06 
[0] <inform> [petsc]     0 SNES Function norm 3.203106613355e-06 [  3.203106613355e-06  ,   0.000000000000e+00  ]
[0] <inform> [petsc]       0 KSP Residual norm 2.437205114381e-10 
[0] <inform> [petsc]       1 KSP Residual norm 1.709471478767e-20 
[0] <inform> [petsc]     1 SNES Function norm 3.188386216089e-06 
[0] <inform> [petsc]     1 SNES Function norm 3.188386216089e-06 [  3.188386216089e-06  ,   0.000000000000e+00  ]
[0] <inform> [petsc]       0 KSP Residual norm 2.412833063233e-10 
[0] <inform> [petsc]       1 KSP Residual norm 1.974801286732e-20 
[0] <inform> [petsc]     2 SNES Function norm 3.188386216089e-06 
[0] <inform> [petsc]     2 SNES Function norm 3.188386216089e-06 [  3.188386216089e-06  ,   0.000000000000e+00  ]
[0] <inform> [petsc]       0 KSP Residual norm 2.412833063232e-10 
[0] <inform> [petsc]       1 KSP Residual norm 1.558836887591e-20 
[0] <inform> [petsc]   Nonlinear solve did not converge due to DIVERGED_LINE_SEARCH iterations 2
[0] <inform> [petsc]       TSAdapt none step   0 stage rejected (DIVERGED_LINE_SEARCH) t=0          + 2.441e-04 retrying with dt=6.104e-05 
[0] <inform> [petsc]     0 SNES Function norm 8.007766533389e-07 
[0] <inform> [petsc]     0 SNES Function norm 8.007766533389e-07 [  8.007766533389e-07  ,   0.000000000000e+00  ]
[0] <inform> [petsc]       0 KSP Residual norm 6.093012785952e-11 
[0] <inform> [petsc]       1 KSP Residual norm 4.110862129892e-21 
[0] <inform> [petsc]     1 SNES Function norm 7.970965540223e-07 
[0] <inform> [petsc]     1 SNES Function norm 7.970965540223e-07 [  7.970965540223e-07  ,   0.000000000000e+00  ]
[0] <inform> [petsc]       0 KSP Residual norm 6.032082658082e-11 
[0] <inform> [petsc]       1 KSP Residual norm 3.097330495684e-21 
[0] <inform> [petsc]   Nonlinear solve did not converge due to DIVERGED_LINE_SEARCH iterations 1
[0] <inform> [petsc]       TSAdapt none step   0 stage rejected (DIVERGED_LINE_SEARCH) t=0          + 6.104e-05 retrying with dt=1.526e-05 
[0] <inform> [petsc]     0 SNES Function norm 2.001941633347e-07 
[0] <inform> [petsc]     0 SNES Function norm 2.001941633347e-07 [  2.001941633347e-07  ,   0.000000000000e+00  ]
[0] <inform> [petsc]       0 KSP Residual norm 1.523253196488e-11 
[0] <inform> [petsc]       1 KSP Residual norm 2.445240850629e-21 
[0] <inform> [petsc]     1 SNES Function norm 1.992741385057e-07 
[0] <inform> [petsc]     1 SNES Function norm 1.992741385057e-07 [  1.992741385057e-07  ,   0.000000000000e+00  ]
[0] <inform> [petsc]       0 KSP Residual norm 1.508020664515e-11 
[0] <inform> [petsc]       1 KSP Residual norm 1.132732363858e-21 
[0] <inform> [petsc]   Nonlinear solve did not converge due to DIVERGED_LINE_SEARCH iterations 1
[0] <inform> [petsc]       TSAdapt none step   0 stage rejected (DIVERGED_LINE_SEARCH) t=0          + 1.526e-05 retrying with dt=3.815e-06 
[0] <inform> [petsc]     0 SNES Function norm 5.004854083368e-08 
[0] <inform> [petsc]     0 SNES Function norm 5.004854083368e-08 [  5.004854083368e-08  ,   0.000000000000e+00  ]
[0] <inform> [petsc]       0 KSP Residual norm 3.808132991220e-12 
[0] <inform> [petsc]       1 KSP Residual norm 2.569288831118e-22 
[0] <inform> [petsc]     1 SNES Function norm 4.981853462640e-08 
[0] <inform> [petsc]     1 SNES Function norm 4.981853462640e-08 [  4.981853462640e-08  ,   0.000000000000e+00  ]
[0] <inform> [petsc]       0 KSP Residual norm 3.770051661302e-12 
[0] <inform> [petsc]       1 KSP Residual norm 2.570981063133e-22 
[0] <inform> [petsc]   Nonlinear solve did not converge due to DIVERGED_LINE_SEARCH iterations 1
[0] <inform> [petsc]       TSAdapt none step   0 stage rejected (DIVERGED_LINE_SEARCH) t=0          + 3.815e-06 retrying with dt=9.537e-07 
[0] <inform> [petsc]     0 SNES Function norm 1.251213520842e-08 
[0] <inform> [petsc]     0 SNES Function norm 1.251213520842e-08 [  1.251213520842e-08  ,   0.000000000000e+00  ]
[0] <inform> [petsc]       0 KSP Residual norm 9.520332478051e-13 
[0] <inform> [petsc]   Nonlinear solve did not converge due to DIVERGED_LINE_SEARCH iterations 0
[0] <inform> [petsc]       TSAdapt none step   0 stage rejected (DIVERGED_LINE_SEARCH) t=0          + 9.537e-07 retrying with dt=2.384e-07 
[0] <inform> [petsc] 0 TS dt 2.38419e-07 time 0.
[0] <inform> [Indent] Write file at time 0 write step 1
[0] <inform> [Essential] EssentialPreProc<DisplacementCubitBcData>: SimpleProblem_U_FIX_ALL                        
[0] <inform> [Essential] Offset: 0.0000e+00 0.0000e+00 0.0000e+00
[0] <inform> [Essential] Force: 0.0000e+00 0.0000e+00 0.0000e+00
[0] <inform> [Essential] Moment: 0.0000e+00 0.0000e+00 0.0000e+00
[0] <inform> [Essential] EssentialPreProc<DisplacementCubitBcData>: SimpleProblem_U_FIX_X_0                        
[0] <inform> [Essential] Offset: 0.0000e+00 0.0000e+00 0.0000e+00
[0] <inform> [Essential] Force: 0.0000e+00 0.0000e+00 0.0000e+00
[0] <inform> [Essential] Moment: 0.0000e+00 0.0000e+00 0.0000e+00
[0] <inform> [Essential] EssentialPreProc<DisplacementCubitBcData>: SimpleProblem_U_FIX_Y_0                        
[0] <inform> [Essential] Offset: 0.0000e+00 0.0000e+00 0.0000e+00
[0] <inform> [Essential] Force: 0.0000e+00 0.0000e+00 0.0000e+00
[0] <inform> [Essential] Moment: 0.0000e+00 0.0000e+00 0.0000e+00
[0] <inform> [Essential] EssentialPreProc<DisplacementCubitBcData>: SimpleProblem_U_FIX_Z_0                        
[0] <inform> [Essential] Offset: 0.0000e+00 0.0000e+00 0.0000e+00
[0] <inform> [Essential] Force: 0.0000e+00 0.0000e+00 0.0000e+00
[0] <inform> [Essential] Moment: 0.0000e+00 0.0000e+00 0.0000e+00
[0] <inform> [Essential] Total force: 0.0000e+00 0.0000e+00 0.0000e+00
[0] <inform> [Essential] Total moment: 0.0000e+00 0.0000e+00 0.0000e+00
[0] <inform> [Indent] Ux time 0.0000e+00 min 0.0000e+00 max 0.0000e+00
[0] <inform> [Indent] Uy time 0.0000e+00 min 0.0000e+00 max 0.0000e+00
[0] <inform> [Indent] Uz time 0.0000e+00 min 0.0000e+00 max 0.0000e+00
[0] <inform> [Indent] Contact force: time 0.000e+00 Fx: 0.000000e+00 Fy: 0.000000e+00 Fz: 0.000000e+00
[0] <inform> [Indent] Contact area: time 0.000e+00 Active: 0.000000e+00 Potential: 0.000000e+00
